# JRE version: Java(TM) SE Runtime Environment (8.0_251-b08) (build 1.8.0_251-b08)
# Java VM: Java HotSpot(TM) 64-Bit Server VM (25.251-b08 mixed mode windows-amd64 compressed oops)
Heap:
 PSYoungGen      total 312832K, used 75682K [0x00000000d5f00000, 0x00000000ed400000, 0x0000000100000000)
  eden space 301568K, 21% used [0x00000000d5f00000,0x00000000d9ded240,0x00000000e8580000)
  from space 11264K, 99% used [0x00000000e8580000,0x00000000e907b850,0x00000000e9080000)
  to   space 10752K, 0% used [0x00000000e9080000,0x00000000e9080000,0x00000000e9b00000)
 ParOldGen       total 79872K, used 19135K [0x0000000081c00000, 0x0000000086a00000, 0x00000000d5f00000)
  object space 79872K, 23% used [0x0000000081c00000,0x0000000082eafca8,0x0000000086a00000)
 Metaspace       used 47258K, capacity 49942K, committed 50176K, reserved 1093632K
  class space    used 6112K, capacity 6550K, committed 6656K, reserved 1048576K
GC Heap History (10 events):
Event: 3.596 GC heap before
{Heap before GC invocations=9 (full 1):
 PSYoungGen      total 140800K, used 131584K [0x00000000d5f00000, 0x00000000e7200000, 0x0000000100000000)
  eden space 131584K, 100% used [0x00000000d5f00000,0x00000000ddf80000,0x00000000ddf80000)
  from space 9216K, 0% used [0x00000000ddf80000,0x00000000ddf80000,0x00000000de880000)
  to   space 9216K, 0% used [0x00000000e6900000,0x00000000e6900000,0x00000000e7200000)
 ParOldGen       total 52736K, used 6952K [0x0000000081c00000, 0x0000000084f80000, 0x00000000d5f00000)
  object space 52736K, 13% used [0x0000000081c00000,0x00000000822ca098,0x0000000084f80000)
 Metaspace       used 22586K, capacity 23674K, committed 23808K, reserved 1071104K
  class space    used 2782K, capacity 3011K, committed 3072K, reserved 1048576K
Event: 3.601 GC heap after
Heap after GC invocations=9 (full 1):
 PSYoungGen      total 224256K, used 4579K [0x00000000d5f00000, 0x00000000e6d80000, 0x0000000100000000)
  eden space 219648K, 0% used [0x00000000d5f00000,0x00000000d5f00000,0x00000000e3580000)
  from space 4608K, 99% used [0x00000000e6900000,0x00000000e6d78db0,0x00000000e6d80000)
  to   space 8704K, 0% used [0x00000000e5c80000,0x00000000e5c80000,0x00000000e6500000)
 ParOldGen       total 52736K, used 6960K [0x0000000081c00000, 0x0000000084f80000, 0x00000000d5f00000)
  object space 52736K, 13% used [0x0000000081c00000,0x00000000822cc098,0x0000000084f80000)
 Metaspace       used 22586K, capacity 23674K, committed 23808K, reserved 1071104K
  class space    used 2782K, capacity 3011K, committed 3072K, reserved 1048576K
}
Event: 5.841 GC heap before
{Heap before GC invocations=10 (full 1):
 PSYoungGen      total 224256K, used 224227K [0x00000000d5f00000, 0x00000000e6d80000, 0x0000000100000000)
  eden space 219648K, 100% used [0x00000000d5f00000,0x00000000e3580000,0x00000000e3580000)
  from space 4608K, 99% used [0x00000000e6900000,0x00000000e6d78db0,0x00000000e6d80000)
  to   space 8704K, 0% used [0x00000000e5c80000,0x00000000e5c80000,0x00000000e6500000)
 ParOldGen       total 52736K, used 6960K [0x0000000081c00000, 0x0000000084f80000, 0x00000000d5f00000)
  object space 52736K, 13% used [0x0000000081c00000,0x00000000822cc098,0x0000000084f80000)
 Metaspace       used 30116K, capacity 31828K, committed 32128K, reserved 1077248K
  class space    used 3812K, capacity 4114K, committed 4224K, reserved 1048576K
Event: 5.853 GC heap after
Heap after GC invocations=10 (full 1):
 PSYoungGen      total 268288K, used 8693K [0x00000000d5f00000, 0x00000000e9b00000, 0x0000000100000000)
  eden space 259584K, 0% used [0x00000000d5f00000,0x00000000d5f00000,0x00000000e5c80000)
  from space 8704K, 99% used [0x00000000e5c80000,0x00000000e64fd5f8,0x00000000e6500000)
  to   space 10752K, 0% used [0x00000000e9080000,0x00000000e9080000,0x00000000e9b00000)
 ParOldGen       total 52736K, used 9997K [0x0000000081c00000, 0x0000000084f80000, 0x00000000d5f00000)
  object space 52736K, 18% used [0x0000000081c00000,0x00000000825c3700,0x0000000084f80000)
 Metaspace       used 30116K, capacity 31828K, committed 32128K, reserved 1077248K
  class space    used 3812K, capacity 4114K, committed 4224K, reserved 1048576K
}
Event: 6.327 GC heap before
{Heap before GC invocations=11 (full 1):
 PSYoungGen      total 268288K, used 43236K [0x00000000d5f00000, 0x00000000e9b00000, 0x0000000100000000)
  eden space 259584K, 13% used [0x00000000d5f00000,0x00000000d80bbdb8,0x00000000e5c80000)
  from space 8704K, 99% used [0x00000000e5c80000,0x00000000e64fd5f8,0x00000000e6500000)
  to   space 10752K, 0% used [0x00000000e9080000,0x00000000e9080000,0x00000000e9b00000)
 ParOldGen       total 52736K, used 9997K [0x0000000081c00000, 0x0000000084f80000, 0x00000000d5f00000)
  object space 52736K, 18% used [0x0000000081c00000,0x00000000825c3700,0x0000000084f80000)
 Metaspace       used 33207K, capacity 35376K, committed 35496K, reserved 1081344K
  class space    used 4203K, capacity 4590K, committed 4608K, reserved 1048576K
Event: 6.338 GC heap after
Heap after GC invocations=11 (full 1):
 PSYoungGen      total 312320K, used 7862K [0x00000000d5f00000, 0x00000000ed400000, 0x0000000100000000)
  eden space 301568K, 0% used [0x00000000d5f00000,0x00000000d5f00000,0x00000000e8580000)
  from space 10752K, 73% used [0x00000000e9080000,0x00000000e982d8e8,0x00000000e9b00000)
  to   space 11264K, 0% used [0x00000000e8580000,0x00000000e8580000,0x00000000e9080000)
 ParOldGen       total 52736K, used 11543K [0x0000000081c00000, 0x0000000084f80000, 0x00000000d5f00000)
  object space 52736K, 21% used [0x0000000081c00000,0x0000000082745fc8,0x0000000084f80000)
 Metaspace       used 33207K, capacity 35376K, committed 35496K, reserved 1081344K
  class space    used 4203K, capacity 4590K, committed 4608K, reserved 1048576K
}
Event: 6.338 GC heap before
{Heap before GC invocations=12 (full 2):
 PSYoungGen      total 312320K, used 7862K [0x00000000d5f00000, 0x00000000ed400000, 0x0000000100000000)
  eden space 301568K, 0% used [0x00000000d5f00000,0x00000000d5f00000,0x00000000e8580000)
  from space 10752K, 73% used [0x00000000e9080000,0x00000000e982d8e8,0x00000000e9b00000)
  to   space 11264K, 0% used [0x00000000e8580000,0x00000000e8580000,0x00000000e9080000)
 ParOldGen       total 52736K, used 11543K [0x0000000081c00000, 0x0000000084f80000, 0x00000000d5f00000)
  object space 52736K, 21% used [0x0000000081c00000,0x0000000082745fc8,0x0000000084f80000)
 Metaspace       used 33207K, capacity 35376K, committed 35496K, reserved 1081344K
  class space    used 4203K, capacity 4590K, committed 4608K, reserved 1048576K
Event: 6.391 GC heap after
Heap after GC invocations=12 (full 2):
 PSYoungGen      total 312320K, used 0K [0x00000000d5f00000, 0x00000000ed400000, 0x0000000100000000)
  eden space 301568K, 0% used [0x00000000d5f00000,0x00000000d5f00000,0x00000000e8580000)
  from space 10752K, 0% used [0x00000000e9080000,0x00000000e9080000,0x00000000e9b00000)
  to   space 11264K, 0% used [0x00000000e8580000,0x00000000e8580000,0x00000000e9080000)
 ParOldGen       total 79872K, used 14990K [0x0000000081c00000, 0x0000000086a00000, 0x00000000d5f00000)
  object space 79872K, 18% used [0x0000000081c00000,0x0000000082aa3860,0x0000000086a00000)
 Metaspace       used 33207K, capacity 35376K, committed 35496K, reserved 1081344K
  class space    used 4203K, capacity 4590K, committed 4608K, reserved 1048576K
}
Event: 8.301 GC heap before
{Heap before GC invocations=13 (full 2):
 PSYoungGen      total 312320K, used 301568K [0x00000000d5f00000, 0x00000000ed400000, 0x0000000100000000)
  eden space 301568K, 100% used [0x00000000d5f00000,0x00000000e8580000,0x00000000e8580000)
  from space 10752K, 0% used [0x00000000e9080000,0x00000000e9080000,0x00000000e9b00000)
  to   space 11264K, 0% used [0x00000000e8580000,0x00000000e8580000,0x00000000e9080000)
 ParOldGen       total 79872K, used 14990K [0x0000000081c00000, 0x0000000086a00000, 0x00000000d5f00000)
  object space 79872K, 18% used [0x0000000081c00000,0x0000000082aa3860,0x0000000086a00000)
 Metaspace       used 43954K, capacity 46572K, committed 46848K, reserved 1089536K
  class space    used 5683K, capacity 6121K, committed 6144K, reserved 1048576K
Event: 8.312 GC heap after
Heap after GC invocations=13 (full 2):
 PSYoungGen      total 312832K, used 11246K [0x00000000d5f00000, 0x00000000ed400000, 0x0000000100000000)
  eden space 301568K, 0% used [0x00000000d5f00000,0x00000000d5f00000,0x00000000e8580000)
  from space 11264K, 99% used [0x00000000e8580000,0x00000000e907b850,0x00000000e9080000)
  to   space 10752K, 0% used [0x00000000e9080000,0x00000000e9080000,0x00000000e9b00000)
 ParOldGen       total 79872K, used 19135K [0x0000000081c00000, 0x0000000086a00000, 0x00000000d5f00000)
  object space 79872K, 23% used [0x0000000081c00000,0x0000000082eafca8,0x0000000086a00000)
 Metaspace       used 43954K, capacity 46572K, committed 46848K, reserved 1089536K
  class space    used 5683K, capacity 6121K, committed 6144K, reserved 1048576K
}

