# JRE version: Java(TM) SE Runtime Environment (8.0_251-b08) (build 1.8.0_251-b08)
# Java VM: Java HotSpot(TM) 64-Bit Server VM (25.251-b08 mixed mode windows-amd64 compressed oops)
Heap:
 PSYoungGen      total 306688K, used 240155K [0x00000000d5f00000, 0x00000000ece00000, 0x0000000100000000)
  eden space 295936K, 81% used [0x00000000d5f00000,0x00000000e4986fb8,0x00000000e8000000)
  from space 10752K, 0% used [0x00000000e8b00000,0x00000000e8b00000,0x00000000e9580000)
  to   space 11264K, 0% used [0x00000000e8000000,0x00000000e8000000,0x00000000e8b00000)
 ParOldGen       total 81920K, used 15038K [0x0000000081c00000, 0x0000000086c00000, 0x00000000d5f00000)
  object space 81920K, 18% used [0x0000000081c00000,0x0000000082aafa88,0x0000000086c00000)
 Metaspace       used 40447K, capacity 42928K, committed 43136K, reserved 1087488K
  class space    used 5026K, capacity 5444K, committed 5504K, reserved 1048576K
GC Heap History (10 events):
Event: 3.056 GC heap before
{Heap before GC invocations=8 (full 1):
 PSYoungGen      total 140800K, used 5201K [0x00000000d5f00000, 0x00000000e7100000, 0x0000000100000000)
  eden space 131584K, 0% used [0x00000000d5f00000,0x00000000d5f00000,0x00000000ddf80000)
  from space 9216K, 56% used [0x00000000ddf80000,0x00000000de4946b0,0x00000000de880000)
  to   space 8704K, 0% used [0x00000000e6880000,0x00000000e6880000,0x00000000e7100000)
 ParOldGen       total 87552K, used 5806K [0x0000000081c00000, 0x0000000087180000, 0x00000000d5f00000)
  object space 87552K, 6% used [0x0000000081c00000,0x00000000821abab8,0x0000000087180000)
 Metaspace       used 20344K, capacity 21214K, committed 21296K, reserved 1069056K
  class space    used 2497K, capacity 2677K, committed 2688K, reserved 1048576K
Event: 3.089 GC heap after
Heap after GC invocations=8 (full 1):
 PSYoungGen      total 140800K, used 0K [0x00000000d5f00000, 0x00000000e7100000, 0x0000000100000000)
  eden space 131584K, 0% used [0x00000000d5f00000,0x00000000d5f00000,0x00000000ddf80000)
  from space 9216K, 0% used [0x00000000ddf80000,0x00000000ddf80000,0x00000000de880000)
  to   space 8704K, 0% used [0x00000000e6880000,0x00000000e6880000,0x00000000e7100000)
 ParOldGen       total 53248K, used 6997K [0x0000000081c00000, 0x0000000085000000, 0x00000000d5f00000)
  object space 53248K, 13% used [0x0000000081c00000,0x00000000822d55d0,0x0000000085000000)
 Metaspace       used 20344K, capacity 21214K, committed 21296K, reserved 1069056K
  class space    used 2497K, capacity 2677K, committed 2688K, reserved 1048576K
}
Event: 3.687 GC heap before
{Heap before GC invocations=9 (full 1):
 PSYoungGen      total 140800K, used 131584K [0x00000000d5f00000, 0x00000000e7100000, 0x0000000100000000)
  eden space 131584K, 100% used [0x00000000d5f00000,0x00000000ddf80000,0x00000000ddf80000)
  from space 9216K, 0% used [0x00000000ddf80000,0x00000000ddf80000,0x00000000de880000)
  to   space 8704K, 0% used [0x00000000e6880000,0x00000000e6880000,0x00000000e7100000)
 ParOldGen       total 53248K, used 6997K [0x0000000081c00000, 0x0000000085000000, 0x00000000d5f00000)
  object space 53248K, 13% used [0x0000000081c00000,0x00000000822d55d0,0x0000000085000000)
 Metaspace       used 22563K, capacity 23610K, committed 23808K, reserved 1071104K
  class space    used 2777K, capacity 3011K, committed 3072K, reserved 1048576K
Event: 3.692 GC heap after
Heap after GC invocations=9 (full 1):
 PSYoungGen      total 222208K, used 4521K [0x00000000d5f00000, 0x00000000e6d00000, 0x0000000100000000)
  eden space 217600K, 0% used [0x00000000d5f00000,0x00000000d5f00000,0x00000000e3380000)
  from space 4608K, 98% used [0x00000000e6880000,0x00000000e6cea4d8,0x00000000e6d00000)
  to   space 8704K, 0% used [0x00000000e5c00000,0x00000000e5c00000,0x00000000e6480000)
 ParOldGen       total 53248K, used 7005K [0x0000000081c00000, 0x0000000085000000, 0x00000000d5f00000)
  object space 53248K, 13% used [0x0000000081c00000,0x00000000822d75d0,0x0000000085000000)
 Metaspace       used 22563K, capacity 23610K, committed 23808K, reserved 1071104K
  class space    used 2777K, capacity 3011K, committed 3072K, reserved 1048576K
}
Event: 5.917 GC heap before
{Heap before GC invocations=10 (full 1):
 PSYoungGen      total 222208K, used 222121K [0x00000000d5f00000, 0x00000000e6d00000, 0x0000000100000000)
  eden space 217600K, 100% used [0x00000000d5f00000,0x00000000e3380000,0x00000000e3380000)
  from space 4608K, 98% used [0x00000000e6880000,0x00000000e6cea4d8,0x00000000e6d00000)
  to   space 8704K, 0% used [0x00000000e5c00000,0x00000000e5c00000,0x00000000e6480000)
 ParOldGen       total 53248K, used 7005K [0x0000000081c00000, 0x0000000085000000, 0x00000000d5f00000)
  object space 53248K, 13% used [0x0000000081c00000,0x00000000822d75d0,0x0000000085000000)
 Metaspace       used 30059K, capacity 31742K, committed 31872K, reserved 1077248K
  class space    used 3800K, capacity 4111K, committed 4224K, reserved 1048576K
Event: 5.928 GC heap after
Heap after GC invocations=10 (full 1):
 PSYoungGen      total 267776K, used 8674K [0x00000000d5f00000, 0x00000000e9580000, 0x0000000100000000)
  eden space 259072K, 0% used [0x00000000d5f00000,0x00000000d5f00000,0x00000000e5c00000)
  from space 8704K, 99% used [0x00000000e5c00000,0x00000000e64789c0,0x00000000e6480000)
  to   space 10752K, 0% used [0x00000000e8b00000,0x00000000e8b00000,0x00000000e9580000)
 ParOldGen       total 53248K, used 9930K [0x0000000081c00000, 0x0000000085000000, 0x00000000d5f00000)
  object space 53248K, 18% used [0x0000000081c00000,0x00000000825b28d0,0x0000000085000000)
 Metaspace       used 30059K, capacity 31742K, committed 31872K, reserved 1077248K
  class space    used 3800K, capacity 4111K, committed 4224K, reserved 1048576K
}
Event: 6.457 GC heap before
{Heap before GC invocations=11 (full 1):
 PSYoungGen      total 267776K, used 48837K [0x00000000d5f00000, 0x00000000e9580000, 0x0000000100000000)
  eden space 259072K, 15% used [0x00000000d5f00000,0x00000000d8638ba0,0x00000000e5c00000)
  from space 8704K, 99% used [0x00000000e5c00000,0x00000000e64789c0,0x00000000e6480000)
  to   space 10752K, 0% used [0x00000000e8b00000,0x00000000e8b00000,0x00000000e9580000)
 ParOldGen       total 53248K, used 9930K [0x0000000081c00000, 0x0000000085000000, 0x00000000d5f00000)
  object space 53248K, 18% used [0x0000000081c00000,0x00000000825b28d0,0x0000000085000000)
 Metaspace       used 33203K, capacity 35372K, committed 35496K, reserved 1081344K
  class space    used 4199K, capacity 4590K, committed 4608K, reserved 1048576K
Event: 6.466 GC heap after
Heap after GC invocations=11 (full 1):
 PSYoungGen      total 306688K, used 7893K [0x00000000d5f00000, 0x00000000ece00000, 0x0000000100000000)
  eden space 295936K, 0% used [0x00000000d5f00000,0x00000000d5f00000,0x00000000e8000000)
  from space 10752K, 73% used [0x00000000e8b00000,0x00000000e92b5540,0x00000000e9580000)
  to   space 11264K, 0% used [0x00000000e8000000,0x00000000e8000000,0x00000000e8b00000)
 ParOldGen       total 53248K, used 11468K [0x0000000081c00000, 0x0000000085000000, 0x00000000d5f00000)
  object space 53248K, 21% used [0x0000000081c00000,0x0000000082733198,0x0000000085000000)
 Metaspace       used 33203K, capacity 35372K, committed 35496K, reserved 1081344K
  class space    used 4199K, capacity 4590K, committed 4608K, reserved 1048576K
}
Event: 6.466 GC heap before
{Heap before GC invocations=12 (full 2):
 PSYoungGen      total 306688K, used 7893K [0x00000000d5f00000, 0x00000000ece00000, 0x0000000100000000)
  eden space 295936K, 0% used [0x00000000d5f00000,0x00000000d5f00000,0x00000000e8000000)
  from space 10752K, 73% used [0x00000000e8b00000,0x00000000e92b5540,0x00000000e9580000)
  to   space 11264K, 0% used [0x00000000e8000000,0x00000000e8000000,0x00000000e8b00000)
 ParOldGen       total 53248K, used 11468K [0x0000000081c00000, 0x0000000085000000, 0x00000000d5f00000)
  object space 53248K, 21% used [0x0000000081c00000,0x0000000082733198,0x0000000085000000)
 Metaspace       used 33203K, capacity 35372K, committed 35496K, reserved 1081344K
  class space    used 4199K, capacity 4590K, committed 4608K, reserved 1048576K
Event: 6.522 GC heap after
Heap after GC invocations=12 (full 2):
 PSYoungGen      total 306688K, used 0K [0x00000000d5f00000, 0x00000000ece00000, 0x0000000100000000)
  eden space 295936K, 0% used [0x00000000d5f00000,0x00000000d5f00000,0x00000000e8000000)
  from space 10752K, 0% used [0x00000000e8b00000,0x00000000e8b00000,0x00000000e9580000)
  to   space 11264K, 0% used [0x00000000e8000000,0x00000000e8000000,0x00000000e8b00000)
 ParOldGen       total 81920K, used 15038K [0x0000000081c00000, 0x0000000086c00000, 0x00000000d5f00000)
  object space 81920K, 18% used [0x0000000081c00000,0x0000000082aafa88,0x0000000086c00000)
 Metaspace       used 33203K, capacity 35372K, committed 35496K, reserved 1081344K
  class space    used 4199K, capacity 4590K, committed 4608K, reserved 1048576K
}

