# JRE version: Java(TM) SE Runtime Environment (8.0_251-b08) (build 1.8.0_251-b08)
# Java VM: Java HotSpot(TM) 64-Bit Server VM (25.251-b08 mixed mode windows-amd64 compressed oops)
Heap:
 PSYoungGen      total 313856K, used 60683K [0x00000000d5f00000, 0x00000000ed880000, 0x0000000100000000)
  eden space 303104K, 20% used [0x00000000d5f00000,0x00000000d9a42e78,0x00000000e8700000)
  from space 10752K, 0% used [0x00000000e9200000,0x00000000e9200000,0x00000000e9c80000)
  to   space 11264K, 0% used [0x00000000e8700000,0x00000000e8700000,0x00000000e9200000)
 ParOldGen       total 80896K, used 15052K [0x0000000081c00000, 0x0000000086b00000, 0x00000000d5f00000)
  object space 80896K, 18% used [0x0000000081c00000,0x0000000082ab31a8,0x0000000086b00000)
 Metaspace       used 33264K, capacity 35500K, committed 35752K, reserved 1081344K
  class space    used 4208K, capacity 4590K, committed 4608K, reserved 1048576K
GC Heap History (10 events):
Event: 3.256 GC heap before
{Heap before GC invocations=8 (full 1):
 PSYoungGen      total 140800K, used 5105K [0x00000000d5f00000, 0x00000000e7100000, 0x0000000100000000)
  eden space 131584K, 0% used [0x00000000d5f00000,0x00000000d5f00000,0x00000000ddf80000)
  from space 9216K, 55% used [0x00000000ddf80000,0x00000000de47c6b0,0x00000000de880000)
  to   space 8704K, 0% used [0x00000000e6880000,0x00000000e6880000,0x00000000e7100000)
 ParOldGen       total 87552K, used 5861K [0x0000000081c00000, 0x0000000087180000, 0x00000000d5f00000)
  object space 87552K, 6% used [0x0000000081c00000,0x00000000821b9430,0x0000000087180000)
 Metaspace       used 20355K, capacity 21214K, committed 21296K, reserved 1069056K
  class space    used 2488K, capacity 2677K, committed 2688K, reserved 1048576K
Event: 3.288 GC heap after
Heap after GC invocations=8 (full 1):
 PSYoungGen      total 140800K, used 0K [0x00000000d5f00000, 0x00000000e7100000, 0x0000000100000000)
  eden space 131584K, 0% used [0x00000000d5f00000,0x00000000d5f00000,0x00000000ddf80000)
  from space 9216K, 0% used [0x00000000ddf80000,0x00000000ddf80000,0x00000000de880000)
  to   space 8704K, 0% used [0x00000000e6880000,0x00000000e6880000,0x00000000e7100000)
 ParOldGen       total 52736K, used 6936K [0x0000000081c00000, 0x0000000084f80000, 0x00000000d5f00000)
  object space 52736K, 13% used [0x0000000081c00000,0x00000000822c6138,0x0000000084f80000)
 Metaspace       used 20355K, capacity 21214K, committed 21296K, reserved 1069056K
  class space    used 2488K, capacity 2677K, committed 2688K, reserved 1048576K
}
Event: 3.956 GC heap before
{Heap before GC invocations=9 (full 1):
 PSYoungGen      total 140800K, used 131584K [0x00000000d5f00000, 0x00000000e7100000, 0x0000000100000000)
  eden space 131584K, 100% used [0x00000000d5f00000,0x00000000ddf80000,0x00000000ddf80000)
  from space 9216K, 0% used [0x00000000ddf80000,0x00000000ddf80000,0x00000000de880000)
  to   space 8704K, 0% used [0x00000000e6880000,0x00000000e6880000,0x00000000e7100000)
 ParOldGen       total 52736K, used 6936K [0x0000000081c00000, 0x0000000084f80000, 0x00000000d5f00000)
  object space 52736K, 13% used [0x0000000081c00000,0x00000000822c6138,0x0000000084f80000)
 Metaspace       used 22574K, capacity 23606K, committed 23808K, reserved 1071104K
  class space    used 2777K, capacity 3011K, committed 3072K, reserved 1048576K
Event: 3.961 GC heap after
Heap after GC invocations=9 (full 1):
 PSYoungGen      total 224256K, used 4600K [0x00000000d5f00000, 0x00000000e6d00000, 0x0000000100000000)
  eden space 219648K, 0% used [0x00000000d5f00000,0x00000000d5f00000,0x00000000e3580000)
  from space 4608K, 99% used [0x00000000e6880000,0x00000000e6cfe2c0,0x00000000e6d00000)
  to   space 8704K, 0% used [0x00000000e5c00000,0x00000000e5c00000,0x00000000e6480000)
 ParOldGen       total 52736K, used 6944K [0x0000000081c00000, 0x0000000084f80000, 0x00000000d5f00000)
  object space 52736K, 13% used [0x0000000081c00000,0x00000000822c8138,0x0000000084f80000)
 Metaspace       used 22574K, capacity 23606K, committed 23808K, reserved 1071104K
  class space    used 2777K, capacity 3011K, committed 3072K, reserved 1048576K
}
Event: 6.438 GC heap before
{Heap before GC invocations=10 (full 1):
 PSYoungGen      total 224256K, used 224248K [0x00000000d5f00000, 0x00000000e6d00000, 0x0000000100000000)
  eden space 219648K, 100% used [0x00000000d5f00000,0x00000000e3580000,0x00000000e3580000)
  from space 4608K, 99% used [0x00000000e6880000,0x00000000e6cfe2c0,0x00000000e6d00000)
  to   space 8704K, 0% used [0x00000000e5c00000,0x00000000e5c00000,0x00000000e6480000)
 ParOldGen       total 52736K, used 6944K [0x0000000081c00000, 0x0000000084f80000, 0x00000000d5f00000)
  object space 52736K, 13% used [0x0000000081c00000,0x00000000822c8138,0x0000000084f80000)
 Metaspace       used 30017K, capacity 31678K, committed 31872K, reserved 1077248K
  class space    used 3795K, capacity 4111K, committed 4224K, reserved 1048576K
Event: 6.459 GC heap after
Heap after GC invocations=10 (full 1):
 PSYoungGen      total 267776K, used 8696K [0x00000000d5f00000, 0x00000000e9c80000, 0x0000000100000000)
  eden space 259072K, 0% used [0x00000000d5f00000,0x00000000d5f00000,0x00000000e5c00000)
  from space 8704K, 99% used [0x00000000e5c00000,0x00000000e647e3d0,0x00000000e6480000)
  to   space 10752K, 0% used [0x00000000e9200000,0x00000000e9200000,0x00000000e9c80000)
 ParOldGen       total 52736K, used 9813K [0x0000000081c00000, 0x0000000084f80000, 0x00000000d5f00000)
  object space 52736K, 18% used [0x0000000081c00000,0x00000000825956e8,0x0000000084f80000)
 Metaspace       used 30017K, capacity 31678K, committed 31872K, reserved 1077248K
  class space    used 3795K, capacity 4111K, committed 4224K, reserved 1048576K
}
Event: 6.959 GC heap before
{Heap before GC invocations=11 (full 1):
 PSYoungGen      total 267776K, used 49336K [0x00000000d5f00000, 0x00000000e9c80000, 0x0000000100000000)
  eden space 259072K, 15% used [0x00000000d5f00000,0x00000000d86aff08,0x00000000e5c00000)
  from space 8704K, 99% used [0x00000000e5c00000,0x00000000e647e3d0,0x00000000e6480000)
  to   space 10752K, 0% used [0x00000000e9200000,0x00000000e9200000,0x00000000e9c80000)
 ParOldGen       total 52736K, used 9813K [0x0000000081c00000, 0x0000000084f80000, 0x00000000d5f00000)
  object space 52736K, 18% used [0x0000000081c00000,0x00000000825956e8,0x0000000084f80000)
 Metaspace       used 33177K, capacity 35372K, committed 35496K, reserved 1081344K
  class space    used 4197K, capacity 4590K, committed 4608K, reserved 1048576K
Event: 6.975 GC heap after
Heap after GC invocations=11 (full 1):
 PSYoungGen      total 313856K, used 7905K [0x00000000d5f00000, 0x00000000ed880000, 0x0000000100000000)
  eden space 303104K, 0% used [0x00000000d5f00000,0x00000000d5f00000,0x00000000e8700000)
  from space 10752K, 73% used [0x00000000e9200000,0x00000000e99b8490,0x00000000e9c80000)
  to   space 11264K, 0% used [0x00000000e8700000,0x00000000e8700000,0x00000000e9200000)
 ParOldGen       total 52736K, used 11367K [0x0000000081c00000, 0x0000000084f80000, 0x00000000d5f00000)
  object space 52736K, 21% used [0x0000000081c00000,0x0000000082719fb0,0x0000000084f80000)
 Metaspace       used 33177K, capacity 35372K, committed 35496K, reserved 1081344K
  class space    used 4197K, capacity 4590K, committed 4608K, reserved 1048576K
}
Event: 6.975 GC heap before
{Heap before GC invocations=12 (full 2):
 PSYoungGen      total 313856K, used 7905K [0x00000000d5f00000, 0x00000000ed880000, 0x0000000100000000)
  eden space 303104K, 0% used [0x00000000d5f00000,0x00000000d5f00000,0x00000000e8700000)
  from space 10752K, 73% used [0x00000000e9200000,0x00000000e99b8490,0x00000000e9c80000)
  to   space 11264K, 0% used [0x00000000e8700000,0x00000000e8700000,0x00000000e9200000)
 ParOldGen       total 52736K, used 11367K [0x0000000081c00000, 0x0000000084f80000, 0x00000000d5f00000)
  object space 52736K, 21% used [0x0000000081c00000,0x0000000082719fb0,0x0000000084f80000)
 Metaspace       used 33177K, capacity 35372K, committed 35496K, reserved 1081344K
  class space    used 4197K, capacity 4590K, committed 4608K, reserved 1048576K
Event: 7.056 GC heap after
Heap after GC invocations=12 (full 2):
 PSYoungGen      total 313856K, used 0K [0x00000000d5f00000, 0x00000000ed880000, 0x0000000100000000)
  eden space 303104K, 0% used [0x00000000d5f00000,0x00000000d5f00000,0x00000000e8700000)
  from space 10752K, 0% used [0x00000000e9200000,0x00000000e9200000,0x00000000e9c80000)
  to   space 11264K, 0% used [0x00000000e8700000,0x00000000e8700000,0x00000000e9200000)
 ParOldGen       total 80896K, used 15052K [0x0000000081c00000, 0x0000000086b00000, 0x00000000d5f00000)
  object space 80896K, 18% used [0x0000000081c00000,0x0000000082ab31a8,0x0000000086b00000)
 Metaspace       used 33177K, capacity 35372K, committed 35496K, reserved 1081344K
  class space    used 4197K, capacity 4590K, committed 4608K, reserved 1048576K
}

