# JRE version: Java(TM) SE Runtime Environment (8.0_251-b08) (build 1.8.0_251-b08)
# Java VM: Java HotSpot(TM) 64-Bit Server VM (25.251-b08 mixed mode windows-amd64 compressed oops)
Heap:
 PSYoungGen      total 306688K, used 174333K [0x00000000d5f00000, 0x00000000ece80000, 0x0000000100000000)
  eden space 295936K, 58% used [0x00000000d5f00000,0x00000000e093f4a8,0x00000000e8000000)
  from space 10752K, 0% used [0x00000000e8b00000,0x00000000e8b00000,0x00000000e9580000)
  to   space 11264K, 0% used [0x00000000e8000000,0x00000000e8000000,0x00000000e8b00000)
 ParOldGen       total 80896K, used 15043K [0x0000000081c00000, 0x0000000086b00000, 0x00000000d5f00000)
  object space 80896K, 18% used [0x0000000081c00000,0x0000000082ab0dd8,0x0000000086b00000)
 Metaspace       used 36088K, capacity 38472K, committed 38656K, reserved 1083392K
  class space    used 4537K, capacity 4998K, committed 5120K, reserved 1048576K
GC Heap History (10 events):
Event: 2.823 GC heap before
{Heap before GC invocations=8 (full 1):
 PSYoungGen      total 140800K, used 5146K [0x00000000d5f00000, 0x00000000e7200000, 0x0000000100000000)
  eden space 131584K, 0% used [0x00000000d5f00000,0x00000000d5f00000,0x00000000ddf80000)
  from space 9216K, 55% used [0x00000000ddf80000,0x00000000de486960,0x00000000de880000)
  to   space 9216K, 0% used [0x00000000e6900000,0x00000000e6900000,0x00000000e7200000)
 ParOldGen       total 87552K, used 6094K [0x0000000081c00000, 0x0000000087180000, 0x00000000d5f00000)
  object space 87552K, 6% used [0x0000000081c00000,0x00000000821f3b78,0x0000000087180000)
 Metaspace       used 20339K, capacity 21210K, committed 21296K, reserved 1069056K
  class space    used 2496K, capacity 2677K, committed 2688K, reserved 1048576K
Event: 2.855 GC heap after
Heap after GC invocations=8 (full 1):
 PSYoungGen      total 140800K, used 0K [0x00000000d5f00000, 0x00000000e7200000, 0x0000000100000000)
  eden space 131584K, 0% used [0x00000000d5f00000,0x00000000d5f00000,0x00000000ddf80000)
  from space 9216K, 0% used [0x00000000ddf80000,0x00000000ddf80000,0x00000000de880000)
  to   space 9216K, 0% used [0x00000000e6900000,0x00000000e6900000,0x00000000e7200000)
 ParOldGen       total 53760K, used 6959K [0x0000000081c00000, 0x0000000085080000, 0x00000000d5f00000)
  object space 53760K, 12% used [0x0000000081c00000,0x00000000822cbe88,0x0000000085080000)
 Metaspace       used 20339K, capacity 21210K, committed 21296K, reserved 1069056K
  class space    used 2496K, capacity 2677K, committed 2688K, reserved 1048576K
}
Event: 3.483 GC heap before
{Heap before GC invocations=9 (full 1):
 PSYoungGen      total 140800K, used 131584K [0x00000000d5f00000, 0x00000000e7200000, 0x0000000100000000)
  eden space 131584K, 100% used [0x00000000d5f00000,0x00000000ddf80000,0x00000000ddf80000)
  from space 9216K, 0% used [0x00000000ddf80000,0x00000000ddf80000,0x00000000de880000)
  to   space 9216K, 0% used [0x00000000e6900000,0x00000000e6900000,0x00000000e7200000)
 ParOldGen       total 53760K, used 6959K [0x0000000081c00000, 0x0000000085080000, 0x00000000d5f00000)
  object space 53760K, 12% used [0x0000000081c00000,0x00000000822cbe88,0x0000000085080000)
 Metaspace       used 22571K, capacity 23606K, committed 23808K, reserved 1071104K
  class space    used 2781K, capacity 3011K, committed 3072K, reserved 1048576K
Event: 3.489 GC heap after
Heap after GC invocations=9 (full 1):
 PSYoungGen      total 222208K, used 4530K [0x00000000d5f00000, 0x00000000e6d80000, 0x0000000100000000)
  eden space 217600K, 0% used [0x00000000d5f00000,0x00000000d5f00000,0x00000000e3380000)
  from space 4608K, 98% used [0x00000000e6900000,0x00000000e6d6cb98,0x00000000e6d80000)
  to   space 8704K, 0% used [0x00000000e5c80000,0x00000000e5c80000,0x00000000e6500000)
 ParOldGen       total 53760K, used 6967K [0x0000000081c00000, 0x0000000085080000, 0x00000000d5f00000)
  object space 53760K, 12% used [0x0000000081c00000,0x00000000822cde88,0x0000000085080000)
 Metaspace       used 22571K, capacity 23606K, committed 23808K, reserved 1071104K
  class space    used 2781K, capacity 3011K, committed 3072K, reserved 1048576K
}
Event: 5.870 GC heap before
{Heap before GC invocations=10 (full 1):
 PSYoungGen      total 222208K, used 222130K [0x00000000d5f00000, 0x00000000e6d80000, 0x0000000100000000)
  eden space 217600K, 100% used [0x00000000d5f00000,0x00000000e3380000,0x00000000e3380000)
  from space 4608K, 98% used [0x00000000e6900000,0x00000000e6d6cb98,0x00000000e6d80000)
  to   space 8704K, 0% used [0x00000000e5c80000,0x00000000e5c80000,0x00000000e6500000)
 ParOldGen       total 53760K, used 6967K [0x0000000081c00000, 0x0000000085080000, 0x00000000d5f00000)
  object space 53760K, 12% used [0x0000000081c00000,0x00000000822cde88,0x0000000085080000)
 Metaspace       used 30053K, capacity 31678K, committed 31872K, reserved 1077248K
  class space    used 3806K, capacity 4111K, committed 4224K, reserved 1048576K
Event: 5.882 GC heap after
Heap after GC invocations=10 (full 1):
 PSYoungGen      total 268288K, used 8673K [0x00000000d5f00000, 0x00000000e9580000, 0x0000000100000000)
  eden space 259584K, 0% used [0x00000000d5f00000,0x00000000d5f00000,0x00000000e5c80000)
  from space 8704K, 99% used [0x00000000e5c80000,0x00000000e64f86d0,0x00000000e6500000)
  to   space 10752K, 0% used [0x00000000e8b00000,0x00000000e8b00000,0x00000000e9580000)
 ParOldGen       total 53760K, used 9901K [0x0000000081c00000, 0x0000000085080000, 0x00000000d5f00000)
  object space 53760K, 18% used [0x0000000081c00000,0x00000000825ab720,0x0000000085080000)
 Metaspace       used 30053K, capacity 31678K, committed 31872K, reserved 1077248K
  class space    used 3806K, capacity 4111K, committed 4224K, reserved 1048576K
}
Event: 6.418 GC heap before
{Heap before GC invocations=11 (full 1):
 PSYoungGen      total 268288K, used 43194K [0x00000000d5f00000, 0x00000000e9580000, 0x0000000100000000)
  eden space 259584K, 13% used [0x00000000d5f00000,0x00000000d80b6178,0x00000000e5c80000)
  from space 8704K, 99% used [0x00000000e5c80000,0x00000000e64f86d0,0x00000000e6500000)
  to   space 10752K, 0% used [0x00000000e8b00000,0x00000000e8b00000,0x00000000e9580000)
 ParOldGen       total 53760K, used 9901K [0x0000000081c00000, 0x0000000085080000, 0x00000000d5f00000)
  object space 53760K, 18% used [0x0000000081c00000,0x00000000825ab720,0x0000000085080000)
 Metaspace       used 33190K, capacity 35372K, committed 35496K, reserved 1081344K
  class space    used 4202K, capacity 4590K, committed 4608K, reserved 1048576K
Event: 6.428 GC heap after
Heap after GC invocations=11 (full 1):
 PSYoungGen      total 306688K, used 7893K [0x00000000d5f00000, 0x00000000ece80000, 0x0000000100000000)
  eden space 295936K, 0% used [0x00000000d5f00000,0x00000000d5f00000,0x00000000e8000000)
  from space 10752K, 73% used [0x00000000e8b00000,0x00000000e92b5540,0x00000000e9580000)
  to   space 11264K, 0% used [0x00000000e8000000,0x00000000e8000000,0x00000000e8b00000)
 ParOldGen       total 53760K, used 11463K [0x0000000081c00000, 0x0000000085080000, 0x00000000d5f00000)
  object space 53760K, 21% used [0x0000000081c00000,0x0000000082731fe8,0x0000000085080000)
 Metaspace       used 33190K, capacity 35372K, committed 35496K, reserved 1081344K
  class space    used 4202K, capacity 4590K, committed 4608K, reserved 1048576K
}
Event: 6.428 GC heap before
{Heap before GC invocations=12 (full 2):
 PSYoungGen      total 306688K, used 7893K [0x00000000d5f00000, 0x00000000ece80000, 0x0000000100000000)
  eden space 295936K, 0% used [0x00000000d5f00000,0x00000000d5f00000,0x00000000e8000000)
  from space 10752K, 73% used [0x00000000e8b00000,0x00000000e92b5540,0x00000000e9580000)
  to   space 11264K, 0% used [0x00000000e8000000,0x00000000e8000000,0x00000000e8b00000)
 ParOldGen       total 53760K, used 11463K [0x0000000081c00000, 0x0000000085080000, 0x00000000d5f00000)
  object space 53760K, 21% used [0x0000000081c00000,0x0000000082731fe8,0x0000000085080000)
 Metaspace       used 33190K, capacity 35372K, committed 35496K, reserved 1081344K
  class space    used 4202K, capacity 4590K, committed 4608K, reserved 1048576K
Event: 6.474 GC heap after
Heap after GC invocations=12 (full 2):
 PSYoungGen      total 306688K, used 0K [0x00000000d5f00000, 0x00000000ece80000, 0x0000000100000000)
  eden space 295936K, 0% used [0x00000000d5f00000,0x00000000d5f00000,0x00000000e8000000)
  from space 10752K, 0% used [0x00000000e8b00000,0x00000000e8b00000,0x00000000e9580000)
  to   space 11264K, 0% used [0x00000000e8000000,0x00000000e8000000,0x00000000e8b00000)
 ParOldGen       total 80896K, used 15043K [0x0000000081c00000, 0x0000000086b00000, 0x00000000d5f00000)
  object space 80896K, 18% used [0x0000000081c00000,0x0000000082ab0dd8,0x0000000086b00000)
 Metaspace       used 33190K, capacity 35372K, committed 35496K, reserved 1081344K
  class space    used 4202K, capacity 4590K, committed 4608K, reserved 1048576K
}

