# JRE version: Java(TM) SE Runtime Environment (8.0_251-b08) (build 1.8.0_251-b08)
# Java VM: Java HotSpot(TM) 64-Bit Server VM (25.251-b08 mixed mode windows-amd64 compressed oops)
Heap:
 PSYoungGen      total 138752K, used 108805K [0x00000000d5f00000, 0x00000000df400000, 0x0000000100000000)
  eden space 131072K, 79% used [0x00000000d5f00000,0x00000000dc4bc990,0x00000000ddf00000)
  from space 7680K, 60% used [0x00000000de880000,0x00000000ded04b68,0x00000000df000000)
  to   space 9728K, 0% used [0x00000000ddf00000,0x00000000ddf00000,0x00000000de880000)
 ParOldGen       total 51712K, used 6627K [0x0000000081c00000, 0x0000000084e80000, 0x00000000d5f00000)
  object space 51712K, 12% used [0x0000000081c00000,0x0000000082278fb0,0x0000000084e80000)
 Metaspace       used 25650K, capacity 27142K, committed 27392K, reserved 1073152K
  class space    used 3199K, capacity 3507K, committed 3584K, reserved 1048576K
GC Heap History (10 events):
Event: 3.044 GC heap before
{Heap before GC invocations=5 (full 0):
 PSYoungGen      total 71680K, used 70746K [0x00000000d5f00000, 0x00000000daa00000, 0x0000000100000000)
  eden space 66560K, 100% used [0x00000000d5f00000,0x00000000da000000,0x00000000da000000)
  from space 5120K, 81% used [0x00000000da500000,0x00000000da9168d0,0x00000000daa00000)
  to   space 5120K, 0% used [0x00000000da000000,0x00000000da000000,0x00000000da500000)
 ParOldGen       total 87552K, used 673K [0x0000000081c00000, 0x0000000087180000, 0x00000000d5f00000)
  object space 87552K, 0% used [0x0000000081c00000,0x0000000081ca8448,0x0000000087180000)
 Metaspace       used 16009K, capacity 16758K, committed 17024K, reserved 1064960K
  class space    used 1954K, capacity 2130K, committed 2176K, reserved 1048576K
Event: 3.051 GC heap after
Heap after GC invocations=5 (full 0):
 PSYoungGen      total 71680K, used 5103K [0x00000000d5f00000, 0x00000000df000000, 0x0000000100000000)
  eden space 66560K, 0% used [0x00000000d5f00000,0x00000000d5f00000,0x00000000da000000)
  from space 5120K, 99% used [0x00000000da000000,0x00000000da4fbd98,0x00000000da500000)
  to   space 7680K, 0% used [0x00000000de880000,0x00000000de880000,0x00000000df000000)
 ParOldGen       total 87552K, used 3239K [0x0000000081c00000, 0x0000000087180000, 0x00000000d5f00000)
  object space 87552K, 3% used [0x0000000081c00000,0x0000000081f29dc0,0x0000000087180000)
 Metaspace       used 16009K, capacity 16758K, committed 17024K, reserved 1064960K
  class space    used 1954K, capacity 2130K, committed 2176K, reserved 1048576K
}
Event: 3.562 GC heap before
{Heap before GC invocations=6 (full 0):
 PSYoungGen      total 71680K, used 71663K [0x00000000d5f00000, 0x00000000df000000, 0x0000000100000000)
  eden space 66560K, 100% used [0x00000000d5f00000,0x00000000da000000,0x00000000da000000)
  from space 5120K, 99% used [0x00000000da000000,0x00000000da4fbd98,0x00000000da500000)
  to   space 7680K, 0% used [0x00000000de880000,0x00000000de880000,0x00000000df000000)
 ParOldGen       total 87552K, used 3239K [0x0000000081c00000, 0x0000000087180000, 0x00000000d5f00000)
  object space 87552K, 3% used [0x0000000081c00000,0x0000000081f29dc0,0x0000000087180000)
 Metaspace       used 19918K, capacity 20754K, committed 20864K, reserved 1067008K
  class space    used 2459K, capacity 2638K, committed 2688K, reserved 1048576K
Event: 3.573 GC heap after
Heap after GC invocations=6 (full 0):
 PSYoungGen      total 138752K, used 7659K [0x00000000d5f00000, 0x00000000df400000, 0x0000000100000000)
  eden space 131072K, 0% used [0x00000000d5f00000,0x00000000d5f00000,0x00000000ddf00000)
  from space 7680K, 99% used [0x00000000de880000,0x00000000deffacf0,0x00000000df000000)
  to   space 9728K, 0% used [0x00000000ddf00000,0x00000000ddf00000,0x00000000de880000)
 ParOldGen       total 87552K, used 4252K [0x0000000081c00000, 0x0000000087180000, 0x00000000d5f00000)
  object space 87552K, 4% used [0x0000000081c00000,0x0000000082027028,0x0000000087180000)
 Metaspace       used 19918K, capacity 20754K, committed 20864K, reserved 1067008K
  class space    used 2459K, capacity 2638K, committed 2688K, reserved 1048576K
}
Event: 3.916 GC heap before
{Heap before GC invocations=7 (full 0):
 PSYoungGen      total 138752K, used 33567K [0x00000000d5f00000, 0x00000000df400000, 0x0000000100000000)
  eden space 131072K, 19% used [0x00000000d5f00000,0x00000000d784d0b0,0x00000000ddf00000)
  from space 7680K, 99% used [0x00000000de880000,0x00000000deffacf0,0x00000000df000000)
  to   space 9728K, 0% used [0x00000000ddf00000,0x00000000ddf00000,0x00000000de880000)
 ParOldGen       total 87552K, used 4252K [0x0000000081c00000, 0x0000000087180000, 0x00000000d5f00000)
  object space 87552K, 4% used [0x0000000081c00000,0x0000000082027028,0x0000000087180000)
 Metaspace       used 20342K, capacity 21214K, committed 21296K, reserved 1069056K
  class space    used 2497K, capacity 2677K, committed 2688K, reserved 1048576K
Event: 3.923 GC heap after
Heap after GC invocations=7 (full 0):
 PSYoungGen      total 140800K, used 4800K [0x00000000d5f00000, 0x00000000df400000, 0x0000000100000000)
  eden space 131072K, 0% used [0x00000000d5f00000,0x00000000d5f00000,0x00000000ddf00000)
  from space 9728K, 49% used [0x00000000ddf00000,0x00000000de3b01d0,0x00000000de880000)
  to   space 7680K, 0% used [0x00000000de880000,0x00000000de880000,0x00000000df000000)
 ParOldGen       total 87552K, used 6199K [0x0000000081c00000, 0x0000000087180000, 0x00000000d5f00000)
  object space 87552K, 7% used [0x0000000081c00000,0x000000008220dd60,0x0000000087180000)
 Metaspace       used 20342K, capacity 21214K, committed 21296K, reserved 1069056K
  class space    used 2497K, capacity 2677K, committed 2688K, reserved 1048576K
}
Event: 3.923 GC heap before
{Heap before GC invocations=8 (full 1):
 PSYoungGen      total 140800K, used 4800K [0x00000000d5f00000, 0x00000000df400000, 0x0000000100000000)
  eden space 131072K, 0% used [0x00000000d5f00000,0x00000000d5f00000,0x00000000ddf00000)
  from space 9728K, 49% used [0x00000000ddf00000,0x00000000de3b01d0,0x00000000de880000)
  to   space 7680K, 0% used [0x00000000de880000,0x00000000de880000,0x00000000df000000)
 ParOldGen       total 87552K, used 6199K [0x0000000081c00000, 0x0000000087180000, 0x00000000d5f00000)
  object space 87552K, 7% used [0x0000000081c00000,0x000000008220dd60,0x0000000087180000)
 Metaspace       used 20342K, capacity 21214K, committed 21296K, reserved 1069056K
  class space    used 2497K, capacity 2677K, committed 2688K, reserved 1048576K
Event: 3.955 GC heap after
Heap after GC invocations=8 (full 1):
 PSYoungGen      total 140800K, used 0K [0x00000000d5f00000, 0x00000000df400000, 0x0000000100000000)
  eden space 131072K, 0% used [0x00000000d5f00000,0x00000000d5f00000,0x00000000ddf00000)
  from space 9728K, 0% used [0x00000000ddf00000,0x00000000ddf00000,0x00000000de880000)
  to   space 7680K, 0% used [0x00000000de880000,0x00000000de880000,0x00000000df000000)
 ParOldGen       total 51712K, used 6619K [0x0000000081c00000, 0x0000000084e80000, 0x00000000d5f00000)
  object space 51712K, 12% used [0x0000000081c00000,0x0000000082276fb0,0x0000000084e80000)
 Metaspace       used 20342K, capacity 21214K, committed 21296K, reserved 1069056K
  class space    used 2497K, capacity 2677K, committed 2688K, reserved 1048576K
}
Event: 4.908 GC heap before
{Heap before GC invocations=9 (full 1):
 PSYoungGen      total 140800K, used 131072K [0x00000000d5f00000, 0x00000000df400000, 0x0000000100000000)
  eden space 131072K, 100% used [0x00000000d5f00000,0x00000000ddf00000,0x00000000ddf00000)
  from space 9728K, 0% used [0x00000000ddf00000,0x00000000ddf00000,0x00000000de880000)
  to   space 7680K, 0% used [0x00000000de880000,0x00000000de880000,0x00000000df000000)
 ParOldGen       total 51712K, used 6619K [0x0000000081c00000, 0x0000000084e80000, 0x00000000d5f00000)
  object space 51712K, 12% used [0x0000000081c00000,0x0000000082276fb0,0x0000000084e80000)
 Metaspace       used 22553K, capacity 23610K, committed 23808K, reserved 1071104K
  class space    used 2778K, capacity 3011K, committed 3072K, reserved 1048576K
Event: 4.912 GC heap after
Heap after GC invocations=9 (full 1):
 PSYoungGen      total 138752K, used 4626K [0x00000000d5f00000, 0x00000000df400000, 0x0000000100000000)
  eden space 131072K, 0% used [0x00000000d5f00000,0x00000000d5f00000,0x00000000ddf00000)
  from space 7680K, 60% used [0x00000000de880000,0x00000000ded04b68,0x00000000df000000)
  to   space 9728K, 0% used [0x00000000ddf00000,0x00000000ddf00000,0x00000000de880000)
 ParOldGen       total 51712K, used 6627K [0x0000000081c00000, 0x0000000084e80000, 0x00000000d5f00000)
  object space 51712K, 12% used [0x0000000081c00000,0x0000000082278fb0,0x0000000084e80000)
 Metaspace       used 22553K, capacity 23610K, committed 23808K, reserved 1071104K
  class space    used 2778K, capacity 3011K, committed 3072K, reserved 1048576K
}

